0 info it worked if it ends with ok
1 verbose cli [ 'node',
1 verbose cli   '/usr/local/bin/npm',
1 verbose cli   'install',
1 verbose cli   'grunt-scss',
1 verbose cli   '--save-dev' ]
2 info using npm@1.4.28
3 info using node@v0.10.33
4 warn package.json @ No description
5 warn package.json @ No repository field.
6 warn package.json @ No README data
7 verbose readDependencies using package.json deps
8 verbose cache add [ 'grunt-scss', null ]
9 verbose cache add name=undefined spec="grunt-scss" args=["grunt-scss",null]
10 verbose parsed url { protocol: null,
10 verbose parsed url   slashes: null,
10 verbose parsed url   auth: null,
10 verbose parsed url   host: null,
10 verbose parsed url   port: null,
10 verbose parsed url   hostname: null,
10 verbose parsed url   hash: null,
10 verbose parsed url   search: null,
10 verbose parsed url   query: null,
10 verbose parsed url   pathname: 'grunt-scss',
10 verbose parsed url   path: 'grunt-scss',
10 verbose parsed url   href: 'grunt-scss' }
11 silly lockFile e0453be1-grunt-scss grunt-scss
12 verbose lock grunt-scss /Users/nuttt/.npm/e0453be1-grunt-scss.lock
13 silly lockFile e0453be1-grunt-scss grunt-scss
14 silly lockFile e0453be1-grunt-scss grunt-scss
15 verbose addNamed [ 'grunt-scss', '' ]
16 verbose addNamed [ null, '*' ]
17 silly lockFile ed7b7d5e-grunt-scss grunt-scss@
18 verbose lock grunt-scss@ /Users/nuttt/.npm/ed7b7d5e-grunt-scss.lock
19 silly addNameRange { name: 'grunt-scss', range: '*', hasData: false }
20 verbose request where is /grunt-scss
21 verbose request registry https://registry.npmjs.org/
22 verbose request id f8f83069f911fbaa
23 verbose url raw /grunt-scss
24 verbose url resolving [ 'https://registry.npmjs.org/', './grunt-scss' ]
25 verbose url resolved https://registry.npmjs.org/grunt-scss
26 verbose request where is https://registry.npmjs.org/grunt-scss
27 info trying registry request attempt 1 at 17:42:13
28 http GET https://registry.npmjs.org/grunt-scss
29 http 404 https://registry.npmjs.org/grunt-scss
30 verbose headers { date: 'Fri, 20 Feb 2015 10:42:14 GMT',
30 verbose headers   server: 'CouchDB/1.6.1 (Erlang OTP/R14B04)',
30 verbose headers   'content-type': 'application/json',
30 verbose headers   'cache-control': 'max-age=0',
30 verbose headers   'content-length': '52',
30 verbose headers   'accept-ranges': 'bytes',
30 verbose headers   via: '1.1 varnish',
30 verbose headers   age: '0',
30 verbose headers   'x-served-by': 'cache-sn88-SIN',
30 verbose headers   'x-cache': 'MISS',
30 verbose headers   'x-cache-hits': '0',
30 verbose headers   'x-timer': 'S1424428934.137605,VS0,VE254',
30 verbose headers   'keep-alive': 'timeout=10, max=50',
30 verbose headers   connection: 'Keep-Alive' }
31 silly registry.get cb [ 404,
31 silly registry.get   { date: 'Fri, 20 Feb 2015 10:42:14 GMT',
31 silly registry.get     server: 'CouchDB/1.6.1 (Erlang OTP/R14B04)',
31 silly registry.get     'content-type': 'application/json',
31 silly registry.get     'cache-control': 'max-age=0',
31 silly registry.get     'content-length': '52',
31 silly registry.get     'accept-ranges': 'bytes',
31 silly registry.get     via: '1.1 varnish',
31 silly registry.get     age: '0',
31 silly registry.get     'x-served-by': 'cache-sn88-SIN',
31 silly registry.get     'x-cache': 'MISS',
31 silly registry.get     'x-cache-hits': '0',
31 silly registry.get     'x-timer': 'S1424428934.137605,VS0,VE254',
31 silly registry.get     'keep-alive': 'timeout=10, max=50',
31 silly registry.get     connection: 'Keep-Alive' } ]
32 silly lockFile ed7b7d5e-grunt-scss grunt-scss@
33 silly lockFile ed7b7d5e-grunt-scss grunt-scss@
34 error 404 404 Not Found: grunt-scss
34 error 404
34 error 404 'grunt-scss' is not in the npm registry.
34 error 404 You should bug the author to publish it
34 error 404
34 error 404 Note that you can also install from a
34 error 404 tarball, folder, or http url, or git url.
35 error System Darwin 14.1.0
36 error command "node" "/usr/local/bin/npm" "install" "grunt-scss" "--save-dev"
37 error cwd /Users/nuttt/cpeng
38 error node -v v0.10.33
39 error npm -v 1.4.28
40 error code E404
41 verbose exit [ 1, true ]
